<?xml version="1.0" encoding="UTF-8"?>
<testng-results skipped="0" failed="0" ignored="0" total="4" passed="4">
  <reporter-output>
  </reporter-output>
  <suite name="Suite" duration-ms="83" started-at="2021-07-24T15:27:15Z" finished-at="2021-07-24T15:27:15Z">
    <groups>
    </groups>
    <test name="Test" duration-ms="40" started-at="2021-07-24T15:27:15Z" finished-at="2021-07-24T15:27:15Z">
      <class name="com.testNG.TestNGCheck1">
        <test-method status="PASS" signature="beforeTest()[pri:0, instance:com.testNG.TestNGCheck1@19e13df]" name="beforeTest" is-config="true" duration-ms="0" started-at="2021-07-24T20:57:15Z" finished-at="2021-07-24T20:57:15Z">
          <reporter-output>
          </reporter-output>
        </test-method> <!-- beforeTest -->
        <test-method status="PASS" signature="beforeTestExplicitly(org.testng.ITestContext)[pri:0, instance:com.testNG.TestNGCheck1@19e13df]" name="beforeTestExplicitly" is-config="true" duration-ms="1" started-at="2021-07-24T20:57:15Z" depends-on-methods="com.testNG.BaseTest.beforeTest" finished-at="2021-07-24T20:57:15Z">
          <params>
            <param index="0">
              <value>
                <![CDATA[org.testng.TestRunner@1a8c74e]]>
              </value>
            </param>
          </params>
          <reporter-output>
          </reporter-output>
        </test-method> <!-- beforeTestExplicitly -->
        <test-method status="PASS" signature="beforeClass()[pri:0, instance:com.testNG.TestNGCheck1@19e13df]" name="beforeClass" is-config="true" duration-ms="0" started-at="2021-07-24T20:57:15Z" finished-at="2021-07-24T20:57:15Z">
          <reporter-output>
          </reporter-output>
        </test-method> <!-- beforeClass -->
        <test-method status="PASS" signature="test1()[pri:0, instance:com.testNG.TestNGCheck1@19e13df]" name="test1" duration-ms="9" started-at="2021-07-24T20:57:15Z" finished-at="2021-07-24T20:57:15Z">
          <reporter-output>
          </reporter-output>
        </test-method> <!-- test1 -->
        <test-method status="PASS" signature="beforeMethod()[pri:0, instance:com.testNG.TestNGCheck1@19e13df]" name="beforeMethod" is-config="true" duration-ms="0" started-at="2021-07-24T20:57:15Z" finished-at="2021-07-24T20:57:15Z">
          <reporter-output>
          </reporter-output>
        </test-method> <!-- beforeMethod -->
        <test-method status="PASS" signature="test2(java.lang.String)[pri:0, instance:com.testNG.TestNGCheck1@19e13df]" name="test2" duration-ms="2" started-at="2021-07-24T20:57:15Z" finished-at="2021-07-24T20:57:15Z">
          <params>
            <param index="0">
              <value>
                <![CDATA[www.google.com]]>
              </value>
            </param>
          </params>
          <reporter-output>
          </reporter-output>
        </test-method> <!-- test2 -->
        <test-method status="PASS" signature="beforeMethod()[pri:0, instance:com.testNG.TestNGCheck1@19e13df]" name="beforeMethod" is-config="true" duration-ms="0" started-at="2021-07-24T20:57:15Z" finished-at="2021-07-24T20:57:15Z">
          <reporter-output>
          </reporter-output>
        </test-method> <!-- beforeMethod -->
      </class> <!-- com.testNG.TestNGCheck1 -->
    </test> <!-- Test -->
    <test name="Test2" duration-ms="12" started-at="2021-07-24T15:27:15Z" finished-at="2021-07-24T15:27:15Z">
      <class name="com.testNG.TestNGCheck2">
        <test-method status="PASS" signature="beforeSuite()[pri:0, instance:com.testNG.TestNGCheck2@3a8624]" name="beforeSuite" is-config="true" duration-ms="14" started-at="2021-07-24T20:57:15Z" finished-at="2021-07-24T20:57:15Z">
          <reporter-output>
          </reporter-output>
        </test-method> <!-- beforeSuite -->
        <test-method status="PASS" signature="beforeTest()[pri:0, instance:com.testNG.TestNGCheck2@3a8624]" name="beforeTest" is-config="true" duration-ms="1" started-at="2021-07-24T20:57:15Z" finished-at="2021-07-24T20:57:15Z">
          <reporter-output>
          </reporter-output>
        </test-method> <!-- beforeTest -->
        <test-method status="PASS" signature="beforeClass()[pri:0, instance:com.testNG.TestNGCheck2@3a8624]" name="beforeClass" is-config="true" duration-ms="0" started-at="2021-07-24T20:57:15Z" finished-at="2021-07-24T20:57:15Z">
          <reporter-output>
          </reporter-output>
        </test-method> <!-- beforeClass -->
        <test-method status="PASS" signature="test1()[pri:0, instance:com.testNG.TestNGCheck2@3a8624]" name="test1" duration-ms="2" started-at="2021-07-24T20:57:15Z" finished-at="2021-07-24T20:57:15Z">
          <reporter-output>
          </reporter-output>
        </test-method> <!-- test1 -->
        <test-method status="PASS" signature="beforeMethod()[pri:0, instance:com.testNG.TestNGCheck2@3a8624]" name="beforeMethod" is-config="true" duration-ms="0" started-at="2021-07-24T20:57:15Z" finished-at="2021-07-24T20:57:15Z">
          <reporter-output>
          </reporter-output>
        </test-method> <!-- beforeMethod -->
        <test-method status="PASS" signature="test2()[pri:0, instance:com.testNG.TestNGCheck2@3a8624]" name="test2" duration-ms="2" started-at="2021-07-24T20:57:15Z" finished-at="2021-07-24T20:57:15Z">
          <reporter-output>
          </reporter-output>
        </test-method> <!-- test2 -->
        <test-method status="PASS" signature="beforeMethod()[pri:0, instance:com.testNG.TestNGCheck2@3a8624]" name="beforeMethod" is-config="true" duration-ms="0" started-at="2021-07-24T20:57:15Z" finished-at="2021-07-24T20:57:15Z">
          <reporter-output>
          </reporter-output>
        </test-method> <!-- beforeMethod -->
      </class> <!-- com.testNG.TestNGCheck2 -->
    </test> <!-- Test2 -->
  </suite> <!-- Suite -->
</testng-results>
